[05/05/2023 13:59:18.847][Thermostat/112.0.0.0][context:2018/2018,0,16,330130][I:SH2WB01IN1AWN]Observed temperature: {
    "lat": 39.31,
    "lon": -74.5,
    "current": {
        "dt": 1646318698,
        "temp": 17.21
    },
    "past30Days": [16, 15, 10, 23, 20, null, 10, 11, 23, 22, 18, 16, 15, 10, 23, 20, 17, 10, 11, 23, 22, 18, 10, 23, 20, 17, 10, 11, 23, 22, 18]
}
[05/05/2023 13:59:18.847][Thermostat/112.0.0.0][context:2018/2018,0,32,330130][I:SH2WB01IN1AWN]Observed temperature: {
    "lat": 39.31,
    "lon": -74.5,
    "current": {
        "dt": 1646328698,
        "temp": 8.21
    },
    "past30Days": [16, 15, 10, 23, 20, 17, 10, 11, 23, 22, 18, 16, 15, 10, 23, 20, 17, 10, 11, 23, 22, 18, 10, 23, 20, 17, 10, 11, 23, 22, 18]
}
[05/05/2023 13:59:18.847][Thermostat/112.0.0.0][context:2018/2018,0,64,330130][I:SH2WB01IN1AWN]Observed temperature: {
    "lat": 39.31,
    "lon": -74.5,
    "current": {
        "dt": 1646338698,
        "temp": 32.21
    },
    "past30Days": [16, 15, 10, 23, 20, 17, 10, null, 23, 22, 18, 16, 15, 10, 23, 20, 17, 10, 11, 23, 22, 18, 10, 23, 20, 17, 10, 11, 23, 22, 18]
}
[05/05/2023 13:59:18.847][Thermostat/112.0.0.0][context:2018/2018,0,128,330130][I:SH2WB01IN1AWN]Observed temperature: {
    "lat": 59.31,
    "lon": -64.5,
    "current": {
        "temp": 32.21
    },
    "past30Days": [16, 15, 10, 23, 20, 17, 1000000, 11, 23, 22, 18, 16, 15, 10, 23, 20, 17, 10, 11, 23, 22, 18, 10, 23, 20, 17, 10, 11, 23, 22, 18]
}
[05/05/2023 13:59:18.847][Thermostat/112.0.0.0][context:2018/2018,0,80,330130][I:SH2WB01IN1AWN]Observed temperature: {
    "lat": 59.31,
    "lon": -64.5,
    "current": {
        "dt": 1646348698,
        "temp": -2.0
    },
    "past30Days": [10, 23, 20, 17, 10, 11, 23, 16, 15, 10, 23, 20, 17, 1000000, 11, 23, 22, 18, 16, 15, 22, 18, 10, 23, 20, 17, 10, 11, 23, 22, 18]
},